2025-03-14 17:55:34,736 [INFO] Activator:176 - 


2025-03-14 17:55:34,742 [INFO] Activator:177 - !SESSION log4j initialized
2025-03-14 17:55:42,169 [INFO] LogOutputStream:77 - [STDOUT_REDIRECT] 
2025-03-14 17:55:46,387 [INFO] ApplicationProperties:184 - Using Application install path: C:\ST\STM32CubeIDE_1.17.0\STM32CubeIDE\plugins\com.st.stm32cube.common.mx_6.13.0.202411220809
2025-03-14 17:55:46,409 [INFO] DbMcusXml:78 - Set database path to: C:\ST\STM32CubeIDE_1.17.0\STM32CubeIDE\plugins\com.st.stm32cube.common.mx_6.13.0.202411220809\\db\/mcu/
2025-03-14 17:55:46,410 [INFO] ApiDb:274 - Set plugin database path to: C:\ST\STM32CubeIDE_1.17.0\STM32CubeIDE\plugins\com.st.stm32cube.common.mx_6.13.0.202411220809\\db\/plugins/boardmanager/
2025-03-14 17:55:46,410 [WARN] ApiDb:259 - Overriding images path with different value:  => C:\ST\STM32CubeIDE_1.17.0\STM32CubeIDE\plugins\com.st.stm32cube.common.mx_6.13.0.202411220809\\db\/plugins/mcufinder/images/
2025-03-14 17:55:46,417 [INFO] ApiDb:250 - Set database path to: C:\Users\141584\.stmcufinder\plugins\mcufinder//mcu/
2025-03-14 17:55:46,418 [INFO] DbMcusAds:125 - Set database path to: C:\Users\141584\.stmcufinder\plugins\mcufinder//mcu/
2025-03-14 17:55:46,421 [INFO] CrossReferenceDbSqlite:203 - Set database path to: C:\Users\141584\.stmcufinder\plugins\mcufinder//mcu/cs/
2025-03-14 17:55:46,579 [INFO] RulesReader:64 - Compatibility file has been processed (297 Rules)
2025-03-14 17:55:46,710 [INFO] DbMcusXml:78 - Set database path to: C:\ST\STM32CubeIDE_1.17.0\STM32CubeIDE\plugins\com.st.stm32cube.common.mx_6.13.0.202411220809\\db\/mcu/
2025-03-14 17:55:46,710 [INFO] ApiDb:274 - Set plugin database path to: C:\ST\STM32CubeIDE_1.17.0\STM32CubeIDE\plugins\com.st.stm32cube.common.mx_6.13.0.202411220809\\db\/plugins/boardmanager/
2025-03-14 17:55:46,710 [INFO] ApiDb:261 - Set plugin images path to: C:\ST\STM32CubeIDE_1.17.0\STM32CubeIDE\plugins\com.st.stm32cube.common.mx_6.13.0.202411220809\\db\/plugins/mcufinder/images/
2025-03-14 17:55:46,711 [WARN] DbFile:41 - Overriding database path with different value: C:\Users\141584\.stmcufinder\plugins\mcufinder/ => C:\Users\141584\.stmcufinder\plugins\mcufinder
2025-03-14 17:55:46,711 [INFO] ApiDb:250 - Set database path to: C:\Users\141584\.stmcufinder\plugins\mcufinder//mcu/
2025-03-14 17:55:46,711 [WARN] DbFile:41 - Overriding database path with different value: C:\Users\141584\.stmcufinder\plugins\mcufinder/ => C:\Users\141584\.stmcufinder\plugins\mcufinder
2025-03-14 17:55:46,711 [INFO] DbMcusAds:125 - Set database path to: C:\Users\141584\.stmcufinder\plugins\mcufinder//mcu/
2025-03-14 17:55:46,711 [WARN] DbFile:41 - Overriding database path with different value: C:\Users\141584\.stmcufinder\plugins\mcufinder/ => C:\Users\141584\.stmcufinder\plugins\mcufinder
2025-03-14 17:55:46,711 [WARN] DbFile:41 - Overriding database path with different value: C:\Users\141584\.stmcufinder\plugins\mcufinder/ => C:\Users\141584\.stmcufinder\plugins\mcufinder
2025-03-14 17:55:46,711 [INFO] CrossReferenceDbSqlite:203 - Set database path to: C:\Users\141584\.stmcufinder\plugins\mcufinder//mcu/cs/
2025-03-14 17:55:46,847 [INFO] MainPanel:272 - HeapMemory: 268435456
2025-03-14 17:55:47,011 [INFO] DbMcusXml:78 - Set database path to: C:\ST\STM32CubeIDE_1.17.0\STM32CubeIDE\plugins\com.st.stm32cube.common.mx_6.13.0.202411220809\\db\/mcu/
2025-03-14 17:55:47,011 [INFO] ApiDb:274 - Set plugin database path to: C:\ST\STM32CubeIDE_1.17.0\STM32CubeIDE\plugins\com.st.stm32cube.common.mx_6.13.0.202411220809\\db\/plugins/boardmanager/
2025-03-14 17:55:47,013 [INFO] ApiDb:261 - Set plugin images path to: C:\ST\STM32CubeIDE_1.17.0\STM32CubeIDE\plugins\com.st.stm32cube.common.mx_6.13.0.202411220809\\db\/plugins/mcufinder/images/
2025-03-14 17:55:47,013 [WARN] DbFile:41 - Overriding database path with different value: C:\Users\141584\.stmcufinder\plugins\mcufinder/ => C:\Users\141584\.stmcufinder\plugins\mcufinder
2025-03-14 17:55:47,014 [INFO] ApiDb:250 - Set database path to: C:\Users\141584\.stmcufinder\plugins\mcufinder//mcu/
2025-03-14 17:55:47,014 [WARN] DbFile:41 - Overriding database path with different value: C:\Users\141584\.stmcufinder\plugins\mcufinder/ => C:\Users\141584\.stmcufinder\plugins\mcufinder
2025-03-14 17:55:47,014 [INFO] DbMcusAds:125 - Set database path to: C:\Users\141584\.stmcufinder\plugins\mcufinder//mcu/
2025-03-14 17:55:47,014 [WARN] DbFile:41 - Overriding database path with different value: C:\Users\141584\.stmcufinder\plugins\mcufinder/ => C:\Users\141584\.stmcufinder\plugins\mcufinder
2025-03-14 17:55:47,014 [WARN] DbFile:41 - Overriding database path with different value: C:\Users\141584\.stmcufinder\plugins\mcufinder/ => C:\Users\141584\.stmcufinder\plugins\mcufinder
2025-03-14 17:55:47,015 [INFO] CrossReferenceDbSqlite:203 - Set database path to: C:\Users\141584\.stmcufinder\plugins\mcufinder//mcu/cs/
2025-03-14 17:55:47,041 [INFO] ApplicationProperties:184 - Using Application install path: C:\ST\STM32CubeIDE_1.17.0\STM32CubeIDE\plugins\com.st.stm32cube.common.mx_6.13.0.202411220809
2025-03-14 17:55:47,043 [INFO] PluginManage:196 - Search for loadable plugins [exclusion list=, ]
2025-03-14 17:55:47,044 [INFO] PluginManage:310 - Check plugin analytics
2025-03-14 17:55:47,291 [INFO] AnalyticsPlugin:253 - Accepted Software Licenses: 
2025-03-14 17:55:47,291 [INFO] AnalyticsPlugin:255 - Accepted CMSIS Pack Licenses: 
2025-03-14 17:55:47,291 [INFO] AnalyticsPlugin:257 - Accepted Firmware Licenses: FW.F4.1.28.0
2025-03-14 17:55:47,295 [INFO] PluginManage:359 - Loaded plugin analytics (category:tool,tabindex:-1)
2025-03-14 17:55:47,295 [INFO] PluginManage:310 - Check plugin cadmodel
2025-03-14 17:55:47,324 [INFO] CADModel:105 - Init CAD model plugin
2025-03-14 17:55:47,324 [INFO] PluginManage:359 - Loaded plugin cadmodel (category:power,tabindex:5)
2025-03-14 17:55:47,325 [INFO] PluginManage:310 - Check plugin clock
2025-03-14 17:55:47,355 [INFO] PluginManage:359 - Loaded plugin clock (category:base,tabindex:2)
2025-03-14 17:55:47,355 [INFO] PluginManage:310 - Check plugin ddr
2025-03-14 17:55:47,359 [INFO] PluginManage:359 - Loaded plugin ddr (category:tool,tabindex:6)
2025-03-14 17:55:47,359 [INFO] PluginManage:310 - Check plugin filemanager
2025-03-14 17:55:47,645 [INFO] PluginManage:359 - Loaded plugin filemanager (category:base,tabindex:10)
2025-03-14 17:55:47,645 [INFO] PluginManage:310 - Check plugin ipmanager
2025-03-14 17:55:47,656 [INFO] PluginManage:359 - Loaded plugin ipmanager (category:base,tabindex:5)
2025-03-14 17:55:47,657 [INFO] PluginManage:310 - Check plugin lpbam
2025-03-14 17:55:47,707 [INFO] PluginManage:359 - Loaded plugin lpbam (category:base,tabindex:0)
2025-03-14 17:55:47,708 [INFO] PluginManage:310 - Check plugin memorymap
2025-03-14 17:55:47,747 [INFO] PluginManage:359 - Loaded plugin memorymap (category:base,tabindex:4)
2025-03-14 17:55:47,748 [INFO] PluginManage:310 - Check plugin pinoutandconfiguration
2025-03-14 17:55:47,780 [INFO] PluginManage:359 - Loaded plugin pinoutandconfiguration (category:base,tabindex:1)
2025-03-14 17:55:47,780 [INFO] PluginManage:310 - Check plugin pinoutconfig
2025-03-14 17:55:47,943 [WARN] SupportedApi:132 - Cannot load RTOS API schema: s4s-elt-must-match.1: The content of 'definitions' must match (annotation?, (simpleType | complexType)?, (unique | key | keyref)*)). A problem was found starting at: attribute.
2025-03-14 17:55:48,148 [INFO] PluginManage:359 - Loaded plugin pinoutconfig (category:base,tabindex:0)
2025-03-14 17:55:48,148 [INFO] PluginManage:310 - Check plugin power
2025-03-14 17:55:48,180 [INFO] PluginManage:359 - Loaded plugin power (category:power,tabindex:4)
2025-03-14 17:55:48,180 [INFO] PluginManage:310 - Check plugin projectmanager
2025-03-14 17:55:48,201 [INFO] PluginManage:359 - Loaded plugin projectmanager (category:projectmanager,tabindex:4)
2025-03-14 17:55:48,201 [INFO] PluginManage:310 - Check plugin rif
2025-03-14 17:55:48,231 [INFO] PluginManage:359 - Loaded plugin rif (category:base,tabindex:3)
2025-03-14 17:55:48,232 [INFO] PluginManage:310 - Check plugin thirdparty
2025-03-14 17:55:48,890 [WARN] IntegrityCheckThread:84 - waiting for thirdparty lock release [integrity check]
2025-03-14 17:55:48,891 [INFO] PluginManage:359 - Loaded plugin thirdparty (category:base,tabindex:-1)
2025-03-14 17:55:48,891 [INFO] IntegrityCheckThread:86 - entering critical section [integrity check]
2025-03-14 17:55:48,891 [INFO] PluginManage:310 - Check plugin tools
2025-03-14 17:55:48,892 [INFO] ThirdPartyUpdaterWithRetryManager:70 - Updater plugin not ready yet. [1/15]
2025-03-14 17:55:49,014 [INFO] PluginManage:359 - Loaded plugin tools (category:base,tabindex:7)
2025-03-14 17:55:49,014 [INFO] PluginManage:310 - Check plugin tutovideos
2025-03-14 17:55:49,351 [INFO] PluginManage:359 - Loaded plugin tutovideos (category:base,tabindex:-1)
2025-03-14 17:55:49,351 [INFO] PluginManage:310 - Check plugin updater
2025-03-14 17:55:49,383 [INFO] PluginManage:359 - Loaded plugin updater (category:base,tabindex:12)
2025-03-14 17:55:49,383 [INFO] PluginManage:310 - Check plugin userauth
2025-03-14 17:55:49,387 [INFO] UserAuth:118 - Init User Auth plugin
2025-03-14 17:55:49,388 [INFO] PluginManage:359 - Loaded plugin userauth (category:base,tabindex:14)
2025-03-14 17:55:49,388 [INFO] PluginManage:283 - PluginManage : Loaded plugins [18]
2025-03-14 17:55:49,673 [INFO] PinOutPanel:1589 - setPackage(No Configuration,No Configuration)
2025-03-14 17:55:49,797 [INFO] CADModel:165 - CPN selected for project level
2025-03-14 17:55:49,797 [INFO] CADModel:114 - Register for checkConnection events
2025-03-14 17:55:49,843 [INFO] IPUIPlugin:80 - create IPUIPlugin
2025-03-14 17:55:49,843 [INFO] PluginManager:220 - loadIPPluginJar : add adc
2025-03-14 17:55:49,916 [INFO] IPUIPlugin:80 - create IPUIPlugin
2025-03-14 17:55:49,916 [INFO] PluginManager:220 - loadIPPluginJar : add aes
2025-03-14 17:55:50,038 [INFO] IPUIPlugin:80 - create IPUIPlugin
2025-03-14 17:55:50,038 [INFO] PluginManager:220 - loadIPPluginJar : add can
2025-03-14 17:55:50,097 [INFO] IPUIPlugin:80 - create IPUIPlugin
2025-03-14 17:55:50,097 [INFO] PluginManager:220 - loadIPPluginJar : add comp
2025-03-14 17:55:50,210 [INFO] IPUIPlugin:80 - create IPUIPlugin
2025-03-14 17:55:50,210 [INFO] PluginManager:220 - loadIPPluginJar : add cryp
2025-03-14 17:55:50,245 [INFO] IPUIPlugin:80 - create IPUIPlugin
2025-03-14 17:55:50,245 [INFO] PluginManager:220 - loadIPPluginJar : add ddr_ctrl_phy
2025-03-14 17:55:50,369 [INFO] IPUIPlugin:80 - create IPUIPlugin
2025-03-14 17:55:50,370 [INFO] PluginManager:220 - loadIPPluginJar : add dfsdm
2025-03-14 17:55:50,414 [INFO] IPUIPlugin:80 - create IPUIPlugin
2025-03-14 17:55:50,415 [INFO] PluginManager:220 - loadIPPluginJar : add dma
2025-03-14 17:55:50,555 [INFO] IPUIPlugin:80 - create IPUIPlugin
2025-03-14 17:55:50,555 [INFO] PluginManager:220 - loadIPPluginJar : add dma3
2025-03-14 17:55:50,653 [INFO] IPUIPlugin:80 - create IPUIPlugin
2025-03-14 17:55:50,653 [INFO] PluginManager:220 - loadIPPluginJar : add extmemmanager
2025-03-14 17:55:50,710 [INFO] IPUIPlugin:80 - create IPUIPlugin
2025-03-14 17:55:50,710 [INFO] PluginManager:220 - loadIPPluginJar : add fatfs
2025-03-14 17:55:50,847 [INFO] IPUIPlugin:80 - create IPUIPlugin
2025-03-14 17:55:50,848 [INFO] PluginManager:220 - loadIPPluginJar : add fmc
2025-03-14 17:55:50,891 [INFO] IPUIPlugin:80 - create IPUIPlugin
2025-03-14 17:55:50,891 [INFO] PluginManager:220 - loadIPPluginJar : add freertos
2025-03-14 17:55:50,963 [INFO] IPUIPlugin:80 - create IPUIPlugin
2025-03-14 17:55:50,963 [INFO] PluginManager:220 - loadIPPluginJar : add genericplugin
2025-03-14 17:55:51,316 [INFO] IPUIPlugin:80 - create IPUIPlugin
2025-03-14 17:55:51,316 [INFO] PluginManager:220 - loadIPPluginJar : add gfxmmu
2025-03-14 17:55:51,774 [INFO] IPUIPlugin:80 - create IPUIPlugin
2025-03-14 17:55:51,774 [INFO] PluginManager:220 - loadIPPluginJar : add gic
2025-03-14 17:55:51,799 [INFO] IPUIPlugin:80 - create IPUIPlugin
2025-03-14 17:55:51,799 [INFO] PluginManager:220 - loadIPPluginJar : add gpio
2025-03-14 17:55:51,894 [INFO] ThirdPartyUpdaterWithRetryManager:70 - Updater plugin not ready yet. [2/15]
2025-03-14 17:55:52,134 [INFO] IPUIPlugin:80 - create IPUIPlugin
2025-03-14 17:55:52,134 [INFO] PluginManager:220 - loadIPPluginJar : add gtzc
2025-03-14 17:55:52,235 [INFO] IPUIPlugin:80 - create IPUIPlugin
2025-03-14 17:55:52,235 [INFO] PluginManager:220 - loadIPPluginJar : add hash
2025-03-14 17:55:52,449 [INFO] IPUIPlugin:80 - create IPUIPlugin
2025-03-14 17:55:52,451 [INFO] PluginManager:220 - loadIPPluginJar : add i2c
2025-03-14 17:55:52,604 [INFO] IPUIPlugin:80 - create IPUIPlugin
2025-03-14 17:55:52,604 [INFO] PluginManager:220 - loadIPPluginJar : add i2s
2025-03-14 17:55:52,773 [INFO] IPUIPlugin:80 - create IPUIPlugin
2025-03-14 17:55:52,773 [INFO] PluginManager:220 - loadIPPluginJar : add i3c
2025-03-14 17:55:53,141 [INFO] IPUIPlugin:80 - create IPUIPlugin
2025-03-14 17:55:53,141 [INFO] PluginManager:220 - loadIPPluginJar : add ipddr
2025-03-14 17:55:53,465 [INFO] IPUIPlugin:80 - create IPUIPlugin
2025-03-14 17:55:53,465 [INFO] PluginManager:220 - loadIPPluginJar : add linkedlist
2025-03-14 17:55:53,581 [INFO] IPUIPlugin:80 - create IPUIPlugin
2025-03-14 17:55:53,582 [INFO] PluginManager:220 - loadIPPluginJar : add lorawan
2025-03-14 17:55:53,707 [INFO] IPUIPlugin:80 - create IPUIPlugin
2025-03-14 17:55:53,708 [INFO] PluginManager:220 - loadIPPluginJar : add ltdc
2025-03-14 17:55:53,735 [INFO] IPUIPlugin:80 - create IPUIPlugin
2025-03-14 17:55:53,735 [INFO] PluginManager:220 - loadIPPluginJar : add mdma
2025-03-14 17:55:53,755 [INFO] IPUIPlugin:80 - create IPUIPlugin
2025-03-14 17:55:53,755 [INFO] PluginManager:220 - loadIPPluginJar : add nvic
2025-03-14 17:55:53,860 [INFO] IPUIPlugin:80 - create IPUIPlugin
2025-03-14 17:55:53,860 [INFO] PluginManager:220 - loadIPPluginJar : add opamp
2025-03-14 17:55:54,060 [INFO] IPUIPlugin:80 - create IPUIPlugin
2025-03-14 17:55:54,060 [INFO] PluginManager:220 - loadIPPluginJar : add openamp
2025-03-14 17:55:54,194 [INFO] IPUIPlugin:80 - create IPUIPlugin
2025-03-14 17:55:54,194 [INFO] PluginManager:220 - loadIPPluginJar : add pdm2pcm
2025-03-14 17:55:54,232 [INFO] IPUIPlugin:80 - create IPUIPlugin
2025-03-14 17:55:54,238 [INFO] PluginManager:220 - loadIPPluginJar : add plateformsettings
2025-03-14 17:55:54,311 [INFO] IPUIPlugin:80 - create IPUIPlugin
2025-03-14 17:55:54,313 [INFO] PluginManager:220 - loadIPPluginJar : add quadspi
2025-03-14 17:55:54,398 [INFO] IPUIPlugin:80 - create IPUIPlugin
2025-03-14 17:55:54,399 [INFO] PluginManager:220 - loadIPPluginJar : add radio
2025-03-14 17:55:54,432 [INFO] IPUIPlugin:80 - create IPUIPlugin
2025-03-14 17:55:54,432 [INFO] PluginManager:220 - loadIPPluginJar : add resmgrutility
2025-03-14 17:55:54,586 [INFO] IPUIPlugin:80 - create IPUIPlugin
2025-03-14 17:55:54,586 [INFO] PluginManager:220 - loadIPPluginJar : add sai
2025-03-14 17:55:54,708 [INFO] IPUIPlugin:80 - create IPUIPlugin
2025-03-14 17:55:54,709 [INFO] PluginManager:220 - loadIPPluginJar : add spi
2025-03-14 17:55:54,897 [INFO] ThirdPartyUpdaterWithRetryManager:70 - Updater plugin not ready yet. [3/15]
2025-03-14 17:55:54,927 [INFO] IPUIPlugin:80 - create IPUIPlugin
2025-03-14 17:55:54,927 [INFO] PluginManager:220 - loadIPPluginJar : add stm32_wpan
2025-03-14 17:55:55,013 [INFO] IPUIPlugin:80 - create IPUIPlugin
2025-03-14 17:55:55,014 [INFO] PluginManager:220 - loadIPPluginJar : add tim
2025-03-14 17:55:55,250 [INFO] IPUIPlugin:80 - create IPUIPlugin
2025-03-14 17:55:55,250 [INFO] PluginManager:220 - loadIPPluginJar : add touchsensing
2025-03-14 17:55:55,353 [INFO] IPUIPlugin:80 - create IPUIPlugin
2025-03-14 17:55:55,354 [INFO] PluginManager:220 - loadIPPluginJar : add tracer_emb
2025-03-14 17:55:55,460 [INFO] IPUIPlugin:80 - create IPUIPlugin
2025-03-14 17:55:55,460 [INFO] PluginManager:220 - loadIPPluginJar : add ts
2025-03-14 17:55:55,532 [INFO] IPUIPlugin:80 - create IPUIPlugin
2025-03-14 17:55:55,533 [INFO] PluginManager:220 - loadIPPluginJar : add tsc
2025-03-14 17:55:55,607 [INFO] IPUIPlugin:80 - create IPUIPlugin
2025-03-14 17:55:55,607 [INFO] PluginManager:220 - loadIPPluginJar : add ucpd
2025-03-14 17:55:55,748 [INFO] IPUIPlugin:80 - create IPUIPlugin
2025-03-14 17:55:55,749 [INFO] PluginManager:220 - loadIPPluginJar : add usart
2025-03-14 17:55:55,878 [INFO] IPUIPlugin:80 - create IPUIPlugin
2025-03-14 17:55:55,879 [INFO] PluginManager:220 - loadIPPluginJar : add usbx
2025-03-14 17:55:56,065 [FATAL] Updater:351 - Updater called before beeing initialized
2025-03-14 17:55:56,111 [INFO] RulesReader:64 - Compatibility file has been processed (297 Rules)
2025-03-14 17:55:56,124 [INFO] RulesReader:64 - Compatibility file has been processed (297 Rules)
2025-03-14 17:55:56,133 [INFO] CADModel:165 - CPN selected for project level
2025-03-14 17:55:56,134 [INFO] CADModel:114 - Register for checkConnection events
2025-03-14 17:55:56,134 [FATAL] Updater:351 - Updater called before beeing initialized
2025-03-14 17:55:56,135 [ERROR] CADModel:125 - Updater not yet initialized, retry later 
2025-03-14 17:55:56,355 [FATAL] Updater:351 - Updater called before beeing initialized
2025-03-14 17:55:56,357 [INFO] CADModel:165 - CPN selected for project level
2025-03-14 17:55:56,357 [INFO] CADModel:114 - Register for checkConnection events
2025-03-14 17:55:56,357 [FATAL] Updater:351 - Updater called before beeing initialized
2025-03-14 17:55:56,357 [ERROR] CADModel:125 - Updater not yet initialized, retry later 
2025-03-14 17:55:56,361 [FATAL] Updater:351 - Updater called before beeing initialized
2025-03-14 17:55:56,514 [FATAL] Updater:351 - Updater called before beeing initialized
2025-03-14 17:55:56,523 [INFO] DbMcusAds:53 - JSON generation date=Thu Mar 06 20:24:21 IST 2025 (1741272861825)
2025-03-14 17:55:56,523 [FATAL] Updater:351 - Updater called before beeing initialized
2025-03-14 17:55:56,582 [WARN] DetailPanel:346 - Failed to get advertising image, set to default
2025-03-14 17:55:56,899 [FATAL] Updater:351 - Updater called before beeing initialized
2025-03-14 17:55:56,903 [FATAL] Updater:351 - Updater called before beeing initialized
2025-03-14 17:55:56,903 [FATAL] Updater:351 - Updater called before beeing initialized
2025-03-14 17:55:56,904 [WARN] DetailPanel:346 - Failed to get advertising image, set to default
2025-03-14 17:55:56,905 [FATAL] Updater:351 - Updater called before beeing initialized
2025-03-14 17:55:57,008 [ERROR] Updater:1198 - MainUpdater not yet initialized. External WinMGr cannot be set.
2025-03-14 17:55:57,040 [INFO] Updater:1134 - Updater Version found : 6.13.0
2025-03-14 17:55:57,079 [INFO] ApplicationProperties:184 - Using Application install path: C:\ST\STM32CubeIDE_1.17.0\STM32CubeIDE\plugins\com.st.stm32cube.common.mx_6.13.0.202411220809
2025-03-14 17:55:57,898 [INFO] ThirdPartyUpdaterWithRetryManager:70 - Updater plugin not ready yet. [4/15]
2025-03-14 17:55:58,705 [ERROR] LogOutputStream:75 - [STDERR_REDIRECT] Mar 14, 2025 5:55:58 PM java.util.prefs.WindowsPreferences <init>
2025-03-14 17:55:58,714 [ERROR] LogOutputStream:75 - [STDERR_REDIRECT] WARNING: Could not open/create prefs root node Software\JavaSoft\Prefs at root 0xffffffff80000002. Windows RegCreateKeyEx(...) returned error code 5.
2025-03-14 17:55:58,715 [ERROR] LogOutputStream:75 - [STDERR_REDIRECT] 
2025-03-14 17:55:59,773 [INFO] MainUpdater:2872 - connection check result : 10
2025-03-14 17:55:59,776 [INFO] MainUpdater:289 - Updater Check For Update Now.
2025-03-14 17:55:59,777 [INFO] MicroXplorer:498 - Change Database Version : DB.6.0.130
2025-03-14 17:55:59,907 [INFO] McuFinderGlobals:63 - Set McuFinder mode to 2 (CubeIDE integrated)
2025-03-14 17:55:59,907 [INFO] UserAuth:171 - activating auth plugin
2025-03-14 17:55:59,911 [INFO] UserAuth:486 - Internet connection configuration mode: 1
2025-03-14 17:55:59,965 [INFO] JxBrowserEngine:152 - Initiate JxBrowser Engine with user profile folder
2025-03-14 17:56:00,183 [INFO] CheckServerUpdateThread:120 - End of CheckServer Thread
2025-03-14 17:56:01,197 [WARN] PackLoader:240 - Cannot read IP mode file for STMicroelectronics.FP-SNS-MOTENVWB1.1.4.0
2025-03-14 17:56:01,235 [WARN] PackLoader:240 - Cannot read IP mode file for STMicroelectronics.FP-ATR-ASTRA1.2.0.2
2025-03-14 17:56:01,271 [WARN] PackLoader:240 - Cannot read IP mode file for STMicroelectronics.X-CUBE-SMBUS.2.1.0
2025-03-14 17:56:01,309 [WARN] PackLoader:240 - Cannot read IP mode file for STMicroelectronics.X-CUBE-WB05N.1.1.0
2025-03-14 17:56:01,391 [WARN] PackLoader:240 - Cannot read IP mode file for STMicroelectronics.X-CUBE-AZRTOS-F7.1.1.0
2025-03-14 17:56:01,423 [WARN] PackLoader:240 - Cannot read IP mode file for STMicroelectronics.FP-SNS-FLIGHT1.5.0.2
2025-03-14 17:56:01,580 [WARN] PackLoader:240 - Cannot read IP mode file for Infineon.AIROC-Wi-Fi-Bluetooth-STM32.1.7.0
2025-03-14 17:56:01,726 [WARN] PackLoader:240 - Cannot read IP mode file for STMicroelectronics.X-CUBE-DISPLAY.3.0.0
2025-03-14 17:56:01,765 [WARN] PackLoader:240 - Cannot read IP mode file for STMicroelectronics.X-CUBE-BLE1.7.0.0
2025-03-14 17:56:01,797 [WARN] PackLoader:240 - Cannot read IP mode file for STMicroelectronics.X-CUBE-NFC10.1.0.0
2025-03-14 17:56:01,850 [WARN] PackLoader:240 - Cannot read IP mode file for STMicroelectronics.X-CUBE-BLEMGR.4.0.0
2025-03-14 17:56:01,899 [WARN] PackLoader:240 - Cannot read IP mode file for emotas.I-CUBE-CANOPEN.1.3.0
2025-03-14 17:56:02,029 [WARN] PackLoader:240 - Cannot read IP mode file for STMicroelectronics.X-CUBE-AI.10.0.0
2025-03-14 17:56:02,098 [WARN] PackLoader:240 - Cannot read IP mode file for STMicroelectronics.FP-SNS-SMARTAG2.1.2.0
2025-03-14 17:56:02,140 [WARN] PackLoader:240 - Cannot read IP mode file for STMicroelectronics.FP-SNS-FLIGHT1.5.1.0
2025-03-14 17:56:02,348 [WARN] PackLoader:240 - Cannot read IP mode file for STMicroelectronics.X-CUBE-MEMS1.11.1.0
2025-03-14 17:56:02,455 [INFO] WebApp:168 - Instantiating new browser for Auth
2025-03-14 17:56:03,164 [INFO] LogOutputStream:77 - [STDOUT_REDIRECT] 1 : Invalid condition id : UX_CORESTACK_Condition cause : null
2025-03-14 17:56:03,170 [INFO] LogOutputStream:77 - [STDOUT_REDIRECT] 1 : Invalid condition id : UX_CORESTACK_Condition cause : null
2025-03-14 17:56:03,173 [INFO] LogOutputStream:77 - [STDOUT_REDIRECT] 1 : Invalid condition id : UX_CORESTACK_Condition cause : null
2025-03-14 17:56:03,175 [INFO] LogOutputStream:77 - [STDOUT_REDIRECT] 1 : Invalid condition id : UX_CORESTACK_Condition cause : null
2025-03-14 17:56:03,177 [INFO] LogOutputStream:77 - [STDOUT_REDIRECT] 1 : Invalid condition id : UX_CORESTACK_Condition cause : null
2025-03-14 17:56:03,181 [WARN] PackLoader:240 - Cannot read IP mode file for STMicroelectronics.X-CUBE-AZRTOS-WL.2.0.0
2025-03-14 17:56:03,216 [WARN] PackLoader:240 - Cannot read IP mode file for STMicroelectronics.FP-SNS-MOTENV1.5.0.0
2025-03-14 17:56:03,258 [WARN] PackLoader:240 - Cannot read IP mode file for WES.I-CUBE-Cesium.1.3.0
2025-03-14 17:56:03,286 [WARN] PackLoader:240 - Cannot read IP mode file for STMicroelectronics.X-CUBE-BLE2.3.3.0
2025-03-14 17:56:03,315 [WARN] PackLoader:240 - Cannot read IP mode file for STMicroelectronics.X-CUBE-NFC9.1.0.0
2025-03-14 17:56:03,344 [WARN] PackLoader:240 - Cannot read IP mode file for STMicroelectronics.X-CUBE-BLE1.7.1.0
2025-03-14 17:56:03,374 [WARN] PackLoader:240 - Cannot read IP mode file for wolfSSL.I-CUBE-wolfMQTT.1.19.2
2025-03-14 17:56:03,417 [WARN] PackLoader:240 - Cannot read IP mode file for STMicroelectronics.X-CUBE-AZRTOS-G0.1.1.0
2025-03-14 17:56:03,443 [WARN] PackLoader:240 - Cannot read IP mode file for STMicroelectronics.X-CUBE-SAFEA1.1.2.2
2025-03-14 17:56:03,469 [WARN] PackLoader:240 - Cannot read IP mode file for STMicroelectronics.X-CUBE-NFC4.3.0.0
2025-03-14 17:56:03,497 [WARN] PackLoader:240 - Cannot read IP mode file for EmbeddedOffice.I-CUBE-FS-RTOS.1.0.1
2025-03-14 17:56:03,519 [WARN] PackLoader:240 - Cannot read IP mode file for wolfSSL.I-CUBE-wolfTPM.3.8.0
2025-03-14 17:56:03,546 [WARN] PackLoader:240 - Cannot read IP mode file for STMicroelectronics.X-CUBE-TCPP.4.2.0
2025-03-14 17:56:03,575 [WARN] PackLoader:240 - Cannot read IP mode file for RealThread.X-CUBE-RT-Thread_Nano.4.1.1
2025-03-14 17:56:03,599 [WARN] PackLoader:240 - Cannot read IP mode file for STMicroelectronics.FP-ATR-SIGFOX1.3.2.0
2025-03-14 17:56:03,621 [WARN] ConditionMgr:438 - getConditionDescription Invalid condition id : Cortex-A Device cause : null
2025-03-14 17:56:03,654 [WARN] ConditionMgr:1044 - genDependencies : Invalid condition id : Cortex-A Device cause : null
2025-03-14 17:56:03,654 [WARN] ConditionMgr:1044 - genDependencies : Invalid condition id : Cortex-A Device cause : null
2025-03-14 17:56:03,655 [WARN] ConditionMgr:1044 - genDependencies : Invalid condition id : Cortex-A Device cause : null
2025-03-14 17:56:03,680 [WARN] PackLoader:240 - Cannot read IP mode file for STMicroelectronics.X-CUBE-EEPRMA1.5.1.0
2025-03-14 17:56:03,699 [WARN] PackLoader:240 - Cannot read IP mode file for wolfSSL.I-CUBE-wolfSSL.5.7.6
2025-03-14 17:56:03,721 [WARN] PackLoader:240 - Cannot read IP mode file for ITTIA_DB.I-CUBE-ITTIADB.8.9.0
2025-03-14 17:56:03,771 [WARN] PackLoader:240 - Cannot read IP mode file for SEGGER.I-CUBE-embOS.1.3.1
2025-03-14 17:56:03,911 [WARN] PackLoader:240 - Cannot read IP mode file for STMicroelectronics.X-CUBE-ALGOBUILD.1.4.0
2025-03-14 17:56:03,978 [WARN] PackLoader:240 - Cannot read IP mode file for STMicroelectronics.X-CUBE-AZRTOS-F4.1.1.0
2025-03-14 17:56:04,058 [WARN] PackLoader:240 - Cannot read IP mode file for STMicroelectronics.X-CUBE-ISPU.2.1.0
2025-03-14 17:56:04,211 [WARN] PackLoader:240 - Cannot read IP mode file for STMicroelectronics.X-CUBE-AZRTOS-L5.2.0.0
2025-03-14 17:56:04,313 [WARN] PackLoader:240 - Cannot read IP mode file for STMicroelectronics.X-CUBE-NFC6.3.1.0
2025-03-14 17:56:04,504 [WARN] PackLoader:240 - Cannot read IP mode file for STMicroelectronics.X-CUBE-DPower.1.2.0
2025-03-14 17:56:04,548 [WARN] PackLoader:240 - Cannot read IP mode file for STMicroelectronics.X-CUBE-FREERTOS.1.3.0
2025-03-14 17:56:04,614 [WARN] PackLoader:240 - Cannot read IP mode file for STMicroelectronics.X-CUBE-NFC7.1.0.1
2025-03-14 17:56:04,664 [INFO] WebApp:449 - Apply proxy settings
2025-03-14 17:56:04,665 [INFO] WebApp:534 - Chromium requires no authentication
2025-03-14 17:56:04,691 [INFO] WebApp:477 - Direct internet connection detected
2025-03-14 17:56:04,709 [WARN] ConditionMgr:438 - getConditionDescription Invalid condition id : LAN8742 Phy interface Condition cause : null
2025-03-14 17:56:04,710 [WARN] PackLoader:240 - Cannot read IP mode file for STMicroelectronics.X-CUBE-AZRTOS-L4.2.0.0
2025-03-14 17:56:04,712 [WARN] ConditionMgr:1044 - genDependencies : Invalid condition id : LAN8742 Phy interface Condition cause : null
2025-03-14 17:56:04,712 [WARN] ConditionMgr:1044 - genDependencies : Invalid condition id : LAN8742 Phy interface Condition cause : null
2025-03-14 17:56:04,713 [WARN] ConditionMgr:1044 - genDependencies : Invalid condition id : LAN8742 Phy interface Condition cause : null
2025-03-14 17:56:04,750 [WARN] PackLoader:240 - Cannot read IP mode file for STMicroelectronics.X-CUBE-SFXS2LP1.4.0.0
2025-03-14 17:56:04,770 [INFO] WebApp:880 - Register for checkConnection events
2025-03-14 17:56:04,771 [INFO] WebApp:449 - Apply proxy settings
2025-03-14 17:56:04,771 [INFO] WebApp:534 - Chromium requires no authentication
2025-03-14 17:56:04,773 [INFO] WebApp:477 - Direct internet connection detected
2025-03-14 17:56:04,814 [WARN] PackLoader:240 - Cannot read IP mode file for STMicroelectronics.X-CUBE-AZRTOS-H7.3.3.0
2025-03-14 17:56:04,869 [WARN] ConditionMgr:438 - getConditionDescription Invalid condition id : UX DEVICE CLASS RTOS Condition cause : null
2025-03-14 17:56:04,871 [WARN] ConditionMgr:438 - getConditionDescription Invalid condition id : UX DEVICE CLASS RTOS Condition cause : null
2025-03-14 17:56:04,894 [WARN] PackLoader:240 - Cannot read IP mode file for STMicroelectronics.X-CUBE-AZRTOS-WB.2.0.0
2025-03-14 17:56:04,895 [WARN] ConditionMgr:1044 - genDependencies : Invalid condition id : UX DEVICE CLASS RTOS Condition cause : null
2025-03-14 17:56:04,895 [WARN] ConditionMgr:1044 - genDependencies : Invalid condition id : UX DEVICE CLASS RTOS Condition cause : null
2025-03-14 17:56:04,896 [WARN] ConditionMgr:1044 - genDependencies : Invalid condition id : UX DEVICE CLASS RTOS Condition cause : null
2025-03-14 17:56:04,897 [WARN] ConditionMgr:1044 - genDependencies : Invalid condition id : UX DEVICE CLASS RTOS Condition cause : null
2025-03-14 17:56:04,897 [WARN] ConditionMgr:1044 - genDependencies : Invalid condition id : UX DEVICE CLASS RTOS Condition cause : null
2025-03-14 17:56:04,956 [WARN] PackLoader:240 - Cannot read IP mode file for STMicroelectronics.X-CUBE-GNSS1.7.0.1
2025-03-14 17:56:05,096 [WARN] PackLoader:240 - Cannot read IP mode file for STMicroelectronics.X-CUBE-TOUCHGFX.4.25.0
2025-03-14 17:56:05,194 [WARN] PackLoader:240 - Cannot read IP mode file for STMicroelectronics.FP-SNS-STBOX1.2.0.0
2025-03-14 17:56:05,275 [WARN] PackLoader:240 - Cannot read IP mode file for STMicroelectronics.X-CUBE-SUBG2.5.0.0
2025-03-14 17:56:05,330 [WARN] PackLoader:240 - Cannot read IP mode file for Cesanta.I-CUBE-Mongoose.7.13.0
2025-03-14 17:56:05,608 [WARN] PackLoader:240 - Cannot read IP mode file for STMicroelectronics.X-CUBE-AZRTOS-G4.2.0.0
2025-03-14 17:56:05,617 [INFO] WebApp:187 - Connection restablished
2025-03-14 17:56:05,645 [WARN] PackLoader:240 - Cannot read IP mode file for wolfSSL.I-CUBE-wolfSSH.1.4.20
2025-03-14 17:56:05,665 [INFO] WebApp:221 - Starting web application
2025-03-14 17:56:05,666 [INFO] WebApp:579 - Web application path used C:\ST\STM32CubeIDE_1.17.0\STM32CubeIDE\plugins\com.st.stm32cube.common.mx_6.13.0.202411220809\db\plugins\mcufinder\reactClient1\index.html
2025-03-14 17:56:05,701 [WARN] PackLoader:240 - Cannot read IP mode file for STMicroelectronics.X-CUBE-IPS.3.1.0
2025-03-14 17:56:05,760 [WARN] PackLoader:240 - Cannot read IP mode file for STMicroelectronics.X-CUBE-ALS.1.0.2
2025-03-14 17:56:05,995 [WARN] PackLoader:240 - Cannot read IP mode file for STMicroelectronics.X-CUBE-TOUCHGFX.4.24.2
2025-03-14 17:56:06,093 [WARN] PackLoader:240 - Cannot read IP mode file for portGmbH.I-Cube-SoM-uGOAL.1.1.0
2025-03-14 17:56:06,241 [WARN] PackLoader:240 - Cannot read IP mode file for STMicroelectronics.X-CUBE-AZRTOS-H7RS.1.0.0
2025-03-14 17:56:06,295 [WARN] PackLoader:240 - Cannot read IP mode file for STMicroelectronics.X-CUBE-TOF1.3.4.2
2025-03-14 17:56:06,310 [INFO] ThirdParty:978 - Integrity check success = true
2025-03-14 17:56:06,310 [INFO] IntegrityCheckThread:100 - exiting critical section [integrity check]
2025-03-14 17:56:06,310 [INFO] IntegrityCheckThread:103 - End integrity checks thread
2025-03-14 17:59:52,892 [ERROR] LogOutputStream:75 - [STDERR_REDIRECT] org.eclipse.cdt.managedbuilder.core.BuildException: No toolchain option in toolchain configuration cdt.managedbuild.toolchain.gnu.mingw.exe.debug.1892369854: 
2025-03-14 17:59:52,894 [ERROR] LogOutputStream:75 - [STDERR_REDIRECT] 	at com.st.stm32cube.ide.mcu.toolchain.ToolChainHelper.getToolChainId(ToolChainHelper.java:166)
2025-03-14 17:59:52,897 [ERROR] LogOutputStream:75 - [STDERR_REDIRECT] 	at com.st.stm32cube.ide.mcu.toolchain.ToolChainHelper.getToolChainInfo(ToolChainHelper.java:109)
2025-03-14 17:59:52,902 [ERROR] LogOutputStream:75 - [STDERR_REDIRECT] 	at com.st.stm32cube.ide.mcu.toolchain.ui.unmanaged.ToolSettingsTab.createControls(ToolSettingsTab.java:149)
2025-03-14 17:59:52,905 [ERROR] LogOutputStream:75 - [STDERR_REDIRECT] 	at org.eclipse.cdt.ui.newui.AbstractCPropertyTab.createControls(AbstractCPropertyTab.java:139)
2025-03-14 17:59:52,909 [ERROR] LogOutputStream:75 - [STDERR_REDIRECT] 	at org.eclipse.cdt.ui.newui.AbstractPage.loadTab(AbstractPage.java:1199)
2025-03-14 17:59:52,913 [ERROR] LogOutputStream:75 - [STDERR_REDIRECT] 	at org.eclipse.cdt.ui.newui.AbstractPage.loadExtensionsSynchronized(AbstractPage.java:1143)
2025-03-14 17:59:52,917 [ERROR] LogOutputStream:75 - [STDERR_REDIRECT] 	at org.eclipse.cdt.ui.newui.AbstractPage.createWidgets(AbstractPage.java:373)
2025-03-14 17:59:52,919 [ERROR] LogOutputStream:75 - [STDERR_REDIRECT] 	at org.eclipse.cdt.ui.newui.AbstractPage.contentForCDT(AbstractPage.java:359)
2025-03-14 17:59:52,923 [ERROR] LogOutputStream:75 - [STDERR_REDIRECT] 	at org.eclipse.cdt.ui.newui.AbstractPage.createContents(AbstractPage.java:256)
2025-03-14 17:59:52,926 [ERROR] LogOutputStream:75 - [STDERR_REDIRECT] 	at org.eclipse.jface.preference.PreferencePage.createControl(PreferencePage.java:244)
2025-03-14 17:59:52,929 [ERROR] LogOutputStream:75 - [STDERR_REDIRECT] 	at org.eclipse.jface.preference.PreferenceDialog.createPageControl(PreferenceDialog.java:1434)
2025-03-14 17:59:52,932 [ERROR] LogOutputStream:75 - [STDERR_REDIRECT] 	at org.eclipse.jface.preference.PreferenceDialog$8.run(PreferenceDialog.java:1197)
2025-03-14 17:59:52,934 [ERROR] LogOutputStream:75 - [STDERR_REDIRECT] 	at org.eclipse.core.runtime.SafeRunner.run(SafeRunner.java:47)
2025-03-14 17:59:52,936 [ERROR] LogOutputStream:75 - [STDERR_REDIRECT] 	at org.eclipse.jface.util.SafeRunnable.run(SafeRunnable.java:174)
2025-03-14 17:59:52,938 [ERROR] LogOutputStream:75 - [STDERR_REDIRECT] 	at org.eclipse.jface.preference.PreferenceDialog.showPage(PreferenceDialog.java:1189)
2025-03-14 17:59:52,941 [ERROR] LogOutputStream:75 - [STDERR_REDIRECT] 	at org.eclipse.ui.internal.dialogs.FilteredPreferenceDialog.showPage(FilteredPreferenceDialog.java:630)
2025-03-14 17:59:52,944 [ERROR] LogOutputStream:75 - [STDERR_REDIRECT] 	at org.eclipse.jface.preference.PreferenceDialog$5.lambda$0(PreferenceDialog.java:661)
2025-03-14 17:59:52,945 [ERROR] LogOutputStream:75 - [STDERR_REDIRECT] 	at org.eclipse.swt.custom.BusyIndicator.showWhile(BusyIndicator.java:67)
2025-03-14 17:59:52,947 [ERROR] LogOutputStream:75 - [STDERR_REDIRECT] 	at org.eclipse.jface.preference.PreferenceDialog$5.selectionChanged(PreferenceDialog.java:658)
2025-03-14 17:59:52,949 [ERROR] LogOutputStream:75 - [STDERR_REDIRECT] 	at org.eclipse.jface.viewers.StructuredViewer$3.run(StructuredViewer.java:821)
2025-03-14 17:59:52,951 [ERROR] LogOutputStream:75 - [STDERR_REDIRECT] 	at org.eclipse.core.runtime.SafeRunner.run(SafeRunner.java:47)
2025-03-14 17:59:52,952 [ERROR] LogOutputStream:75 - [STDERR_REDIRECT] 	at org.eclipse.jface.util.SafeRunnable.run(SafeRunnable.java:174)
2025-03-14 17:59:52,955 [ERROR] LogOutputStream:75 - [STDERR_REDIRECT] 	at org.eclipse.jface.viewers.StructuredViewer.firePostSelectionChanged(StructuredViewer.java:818)
2025-03-14 17:59:52,957 [ERROR] LogOutputStream:75 - [STDERR_REDIRECT] 	at org.eclipse.jface.viewers.ColumnViewer.firePostSelectionChanged(ColumnViewer.java:1070)
2025-03-14 17:59:52,959 [ERROR] LogOutputStream:75 - [STDERR_REDIRECT] 	at org.eclipse.jface.viewers.StructuredViewer.handlePostSelect(StructuredViewer.java:1190)
2025-03-14 17:59:52,961 [ERROR] LogOutputStream:75 - [STDERR_REDIRECT] 	at org.eclipse.swt.events.SelectionListener$1.widgetSelected(SelectionListener.java:84)
2025-03-14 17:59:52,963 [ERROR] LogOutputStream:75 - [STDERR_REDIRECT] 	at org.eclipse.jface.util.OpenStrategy.firePostSelectionEvent(OpenStrategy.java:284)
2025-03-14 17:59:52,965 [ERROR] LogOutputStream:75 - [STDERR_REDIRECT] 	at org.eclipse.jface.util.OpenStrategy$1.lambda$1(OpenStrategy.java:438)
2025-03-14 17:59:52,966 [ERROR] LogOutputStream:75 - [STDERR_REDIRECT] 	at org.eclipse.swt.widgets.RunnableLock.run(RunnableLock.java:40)
2025-03-14 17:59:52,968 [ERROR] LogOutputStream:75 - [STDERR_REDIRECT] 	at org.eclipse.swt.widgets.Synchronizer.runAsyncMessages(Synchronizer.java:132)
2025-03-14 17:59:52,969 [ERROR] LogOutputStream:75 - [STDERR_REDIRECT] 	at org.eclipse.swt.widgets.Display.runAsyncMessages(Display.java:4046)
2025-03-14 17:59:52,971 [ERROR] LogOutputStream:75 - [STDERR_REDIRECT] 	at org.eclipse.swt.widgets.Display.readAndDispatch(Display.java:3662)
2025-03-14 17:59:52,972 [ERROR] LogOutputStream:75 - [STDERR_REDIRECT] 	at org.eclipse.jface.window.Window.runEventLoop(Window.java:823)
2025-03-14 17:59:52,974 [ERROR] LogOutputStream:75 - [STDERR_REDIRECT] 	at org.eclipse.jface.window.Window.open(Window.java:799)
2025-03-14 17:59:52,975 [ERROR] LogOutputStream:75 - [STDERR_REDIRECT] 	at org.eclipse.ui.dialogs.PropertyDialogAction.run(PropertyDialogAction.java:155)
2025-03-14 17:59:52,976 [ERROR] LogOutputStream:75 - [STDERR_REDIRECT] 	at org.eclipse.jface.action.Action.runWithEvent(Action.java:474)
2025-03-14 17:59:52,978 [ERROR] LogOutputStream:75 - [STDERR_REDIRECT] 	at org.eclipse.jface.action.ActionContributionItem.handleWidgetSelection(ActionContributionItem.java:580)
2025-03-14 17:59:52,980 [ERROR] LogOutputStream:75 - [STDERR_REDIRECT] 	at org.eclipse.jface.action.ActionContributionItem.lambda$4(ActionContributionItem.java:414)
2025-03-14 17:59:52,981 [ERROR] LogOutputStream:75 - [STDERR_REDIRECT] 	at org.eclipse.swt.widgets.EventTable.sendEvent(EventTable.java:89)
2025-03-14 17:59:52,983 [ERROR] LogOutputStream:75 - [STDERR_REDIRECT] 	at org.eclipse.swt.widgets.Display.sendEvent(Display.java:4273)
2025-03-14 17:59:52,984 [ERROR] LogOutputStream:75 - [STDERR_REDIRECT] 	at org.eclipse.swt.widgets.Widget.sendEvent(Widget.java:1066)
2025-03-14 17:59:52,986 [ERROR] LogOutputStream:75 - [STDERR_REDIRECT] 	at org.eclipse.swt.widgets.Display.runDeferredEvents(Display.java:4071)
2025-03-14 17:59:52,988 [ERROR] LogOutputStream:75 - [STDERR_REDIRECT] 	at org.eclipse.swt.widgets.Display.readAndDispatch(Display.java:3659)
2025-03-14 17:59:52,990 [ERROR] LogOutputStream:75 - [STDERR_REDIRECT] 	at org.eclipse.e4.ui.internal.workbench.swt.PartRenderingEngine$5.run(PartRenderingEngine.java:1155)
2025-03-14 17:59:52,991 [ERROR] LogOutputStream:75 - [STDERR_REDIRECT] 	at org.eclipse.core.databinding.observable.Realm.runWithDefault(Realm.java:342)
2025-03-14 17:59:52,993 [ERROR] LogOutputStream:75 - [STDERR_REDIRECT] 	at org.eclipse.e4.ui.internal.workbench.swt.PartRenderingEngine.run(PartRenderingEngine.java:1046)
2025-03-14 17:59:52,995 [ERROR] LogOutputStream:75 - [STDERR_REDIRECT] 	at org.eclipse.e4.ui.internal.workbench.E4Workbench.createAndRunUI(E4Workbench.java:155)
2025-03-14 17:59:52,996 [ERROR] LogOutputStream:75 - [STDERR_REDIRECT] 	at org.eclipse.ui.internal.Workbench.lambda$3(Workbench.java:648)
2025-03-14 17:59:52,997 [ERROR] LogOutputStream:75 - [STDERR_REDIRECT] 	at org.eclipse.core.databinding.observable.Realm.runWithDefault(Realm.java:342)
2025-03-14 17:59:52,999 [ERROR] LogOutputStream:75 - [STDERR_REDIRECT] 	at org.eclipse.ui.internal.Workbench.createAndRunWorkbench(Workbench.java:555)
2025-03-14 17:59:53,000 [ERROR] LogOutputStream:75 - [STDERR_REDIRECT] 	at org.eclipse.ui.PlatformUI.createAndRunWorkbench(PlatformUI.java:173)
2025-03-14 17:59:53,002 [ERROR] LogOutputStream:75 - [STDERR_REDIRECT] 	at org.eclipse.ui.internal.ide.application.IDEApplication.start(IDEApplication.java:152)
2025-03-14 17:59:53,003 [ERROR] LogOutputStream:75 - [STDERR_REDIRECT] 	at org.eclipse.equinox.internal.app.EclipseAppHandle.run(EclipseAppHandle.java:208)
2025-03-14 17:59:53,005 [ERROR] LogOutputStream:75 - [STDERR_REDIRECT] 	at org.eclipse.core.runtime.internal.adaptor.EclipseAppLauncher.runApplication(EclipseAppLauncher.java:136)
2025-03-14 17:59:53,007 [ERROR] LogOutputStream:75 - [STDERR_REDIRECT] 	at org.eclipse.core.runtime.internal.adaptor.EclipseAppLauncher.start(EclipseAppLauncher.java:104)
2025-03-14 17:59:53,010 [ERROR] LogOutputStream:75 - [STDERR_REDIRECT] 	at org.eclipse.core.runtime.adaptor.EclipseStarter.run(EclipseStarter.java:402)
2025-03-14 17:59:53,012 [ERROR] LogOutputStream:75 - [STDERR_REDIRECT] 	at org.eclipse.core.runtime.adaptor.EclipseStarter.run(EclipseStarter.java:255)
2025-03-14 17:59:53,014 [ERROR] LogOutputStream:75 - [STDERR_REDIRECT] 	at java.base/jdk.internal.reflect.DirectMethodHandleAccessor.invoke(DirectMethodHandleAccessor.java:103)
2025-03-14 17:59:53,015 [ERROR] LogOutputStream:75 - [STDERR_REDIRECT] 	at java.base/java.lang.reflect.Method.invoke(Method.java:580)
2025-03-14 17:59:53,016 [ERROR] LogOutputStream:75 - [STDERR_REDIRECT] 	at org.eclipse.equinox.launcher.Main.invokeFramework(Main.java:651)
2025-03-14 17:59:53,018 [ERROR] LogOutputStream:75 - [STDERR_REDIRECT] 	at org.eclipse.equinox.launcher.Main.basicRun(Main.java:588)
2025-03-14 17:59:53,019 [ERROR] LogOutputStream:75 - [STDERR_REDIRECT] 	at org.eclipse.equinox.launcher.Main.run(Main.java:1459)
2025-03-14 18:02:48,445 [ERROR] LogOutputStream:75 - [STDERR_REDIRECT] 
2025-03-14 18:02:48,447 [ERROR] LogOutputStream:75 - [STDERR_REDIRECT] 
