2025-03-14 18:03:01,620 [INFO] Activator:176 - 


2025-03-14 18:03:01,623 [INFO] Activator:177 - !SESSION log4j initialized
2025-03-14 18:03:06,465 [INFO] LogOutputStream:77 - [STDOUT_REDIRECT] 
2025-03-14 18:03:09,543 [INFO] ApplicationProperties:184 - Using Application install path: C:\ST\STM32CubeIDE_1.17.0\STM32CubeIDE\plugins\com.st.stm32cube.common.mx_6.13.0.202411220809
2025-03-14 18:03:09,578 [INFO] DbMcusXml:78 - Set database path to: C:\ST\STM32CubeIDE_1.17.0\STM32CubeIDE\plugins\com.st.stm32cube.common.mx_6.13.0.202411220809\\db\/mcu/
2025-03-14 18:03:09,579 [INFO] ApiDb:274 - Set plugin database path to: C:\ST\STM32CubeIDE_1.17.0\STM32CubeIDE\plugins\com.st.stm32cube.common.mx_6.13.0.202411220809\\db\/plugins/boardmanager/
2025-03-14 18:03:09,580 [WARN] ApiDb:259 - Overriding images path with different value:  => C:\ST\STM32CubeIDE_1.17.0\STM32CubeIDE\plugins\com.st.stm32cube.common.mx_6.13.0.202411220809\\db\/plugins/mcufinder/images/
2025-03-14 18:03:09,593 [INFO] ApiDb:250 - Set database path to: C:\Users\141584\.stmcufinder\plugins\mcufinder//mcu/
2025-03-14 18:03:09,598 [INFO] DbMcusAds:125 - Set database path to: C:\Users\141584\.stmcufinder\plugins\mcufinder//mcu/
2025-03-14 18:03:09,602 [INFO] CrossReferenceDbSqlite:203 - Set database path to: C:\Users\141584\.stmcufinder\plugins\mcufinder//mcu/cs/
2025-03-14 18:03:09,864 [INFO] RulesReader:64 - Compatibility file has been processed (297 Rules)
2025-03-14 18:03:10,059 [INFO] DbMcusXml:78 - Set database path to: C:\ST\STM32CubeIDE_1.17.0\STM32CubeIDE\plugins\com.st.stm32cube.common.mx_6.13.0.202411220809\\db\/mcu/
2025-03-14 18:03:10,059 [INFO] ApiDb:274 - Set plugin database path to: C:\ST\STM32CubeIDE_1.17.0\STM32CubeIDE\plugins\com.st.stm32cube.common.mx_6.13.0.202411220809\\db\/plugins/boardmanager/
2025-03-14 18:03:10,060 [INFO] ApiDb:261 - Set plugin images path to: C:\ST\STM32CubeIDE_1.17.0\STM32CubeIDE\plugins\com.st.stm32cube.common.mx_6.13.0.202411220809\\db\/plugins/mcufinder/images/
2025-03-14 18:03:10,060 [WARN] DbFile:41 - Overriding database path with different value: C:\Users\141584\.stmcufinder\plugins\mcufinder/ => C:\Users\141584\.stmcufinder\plugins\mcufinder
2025-03-14 18:03:10,060 [INFO] ApiDb:250 - Set database path to: C:\Users\141584\.stmcufinder\plugins\mcufinder//mcu/
2025-03-14 18:03:10,060 [WARN] DbFile:41 - Overriding database path with different value: C:\Users\141584\.stmcufinder\plugins\mcufinder/ => C:\Users\141584\.stmcufinder\plugins\mcufinder
2025-03-14 18:03:10,060 [INFO] DbMcusAds:125 - Set database path to: C:\Users\141584\.stmcufinder\plugins\mcufinder//mcu/
2025-03-14 18:03:10,061 [WARN] DbFile:41 - Overriding database path with different value: C:\Users\141584\.stmcufinder\plugins\mcufinder/ => C:\Users\141584\.stmcufinder\plugins\mcufinder
2025-03-14 18:03:10,061 [WARN] DbFile:41 - Overriding database path with different value: C:\Users\141584\.stmcufinder\plugins\mcufinder/ => C:\Users\141584\.stmcufinder\plugins\mcufinder
2025-03-14 18:03:10,061 [INFO] CrossReferenceDbSqlite:203 - Set database path to: C:\Users\141584\.stmcufinder\plugins\mcufinder//mcu/cs/
2025-03-14 18:03:10,226 [INFO] MainPanel:272 - HeapMemory: 268435456
2025-03-14 18:03:10,348 [INFO] DbMcusXml:78 - Set database path to: C:\ST\STM32CubeIDE_1.17.0\STM32CubeIDE\plugins\com.st.stm32cube.common.mx_6.13.0.202411220809\\db\/mcu/
2025-03-14 18:03:10,348 [INFO] ApiDb:274 - Set plugin database path to: C:\ST\STM32CubeIDE_1.17.0\STM32CubeIDE\plugins\com.st.stm32cube.common.mx_6.13.0.202411220809\\db\/plugins/boardmanager/
2025-03-14 18:03:10,348 [INFO] ApiDb:261 - Set plugin images path to: C:\ST\STM32CubeIDE_1.17.0\STM32CubeIDE\plugins\com.st.stm32cube.common.mx_6.13.0.202411220809\\db\/plugins/mcufinder/images/
2025-03-14 18:03:10,350 [WARN] DbFile:41 - Overriding database path with different value: C:\Users\141584\.stmcufinder\plugins\mcufinder/ => C:\Users\141584\.stmcufinder\plugins\mcufinder
2025-03-14 18:03:10,350 [INFO] ApiDb:250 - Set database path to: C:\Users\141584\.stmcufinder\plugins\mcufinder//mcu/
2025-03-14 18:03:10,350 [WARN] DbFile:41 - Overriding database path with different value: C:\Users\141584\.stmcufinder\plugins\mcufinder/ => C:\Users\141584\.stmcufinder\plugins\mcufinder
2025-03-14 18:03:10,350 [INFO] DbMcusAds:125 - Set database path to: C:\Users\141584\.stmcufinder\plugins\mcufinder//mcu/
2025-03-14 18:03:10,350 [WARN] DbFile:41 - Overriding database path with different value: C:\Users\141584\.stmcufinder\plugins\mcufinder/ => C:\Users\141584\.stmcufinder\plugins\mcufinder
2025-03-14 18:03:10,351 [WARN] DbFile:41 - Overriding database path with different value: C:\Users\141584\.stmcufinder\plugins\mcufinder/ => C:\Users\141584\.stmcufinder\plugins\mcufinder
2025-03-14 18:03:10,351 [INFO] CrossReferenceDbSqlite:203 - Set database path to: C:\Users\141584\.stmcufinder\plugins\mcufinder//mcu/cs/
2025-03-14 18:03:10,386 [INFO] ApplicationProperties:184 - Using Application install path: C:\ST\STM32CubeIDE_1.17.0\STM32CubeIDE\plugins\com.st.stm32cube.common.mx_6.13.0.202411220809
2025-03-14 18:03:10,388 [INFO] PluginManage:196 - Search for loadable plugins [exclusion list=, ]
2025-03-14 18:03:10,389 [INFO] PluginManage:310 - Check plugin analytics
2025-03-14 18:03:10,615 [INFO] AnalyticsPlugin:253 - Accepted Software Licenses: 
2025-03-14 18:03:10,615 [INFO] AnalyticsPlugin:255 - Accepted CMSIS Pack Licenses: 
2025-03-14 18:03:10,616 [INFO] AnalyticsPlugin:257 - Accepted Firmware Licenses: FW.F4.1.28.0
2025-03-14 18:03:10,619 [INFO] PluginManage:359 - Loaded plugin analytics (category:tool,tabindex:-1)
2025-03-14 18:03:10,619 [INFO] PluginManage:310 - Check plugin cadmodel
2025-03-14 18:03:10,625 [INFO] CADModel:105 - Init CAD model plugin
2025-03-14 18:03:10,625 [INFO] PluginManage:359 - Loaded plugin cadmodel (category:power,tabindex:5)
2025-03-14 18:03:10,625 [INFO] PluginManage:310 - Check plugin clock
2025-03-14 18:03:10,636 [INFO] PluginManage:359 - Loaded plugin clock (category:base,tabindex:2)
2025-03-14 18:03:10,636 [INFO] PluginManage:310 - Check plugin ddr
2025-03-14 18:03:10,638 [INFO] PluginManage:359 - Loaded plugin ddr (category:tool,tabindex:6)
2025-03-14 18:03:10,638 [INFO] PluginManage:310 - Check plugin filemanager
2025-03-14 18:03:10,836 [INFO] PluginManage:359 - Loaded plugin filemanager (category:base,tabindex:10)
2025-03-14 18:03:10,836 [INFO] PluginManage:310 - Check plugin ipmanager
2025-03-14 18:03:10,843 [INFO] PluginManage:359 - Loaded plugin ipmanager (category:base,tabindex:5)
2025-03-14 18:03:10,844 [INFO] PluginManage:310 - Check plugin lpbam
2025-03-14 18:03:10,853 [INFO] PluginManage:359 - Loaded plugin lpbam (category:base,tabindex:0)
2025-03-14 18:03:10,853 [INFO] PluginManage:310 - Check plugin memorymap
2025-03-14 18:03:10,866 [INFO] PluginManage:359 - Loaded plugin memorymap (category:base,tabindex:4)
2025-03-14 18:03:10,867 [INFO] PluginManage:310 - Check plugin pinoutandconfiguration
2025-03-14 18:03:10,874 [INFO] PluginManage:359 - Loaded plugin pinoutandconfiguration (category:base,tabindex:1)
2025-03-14 18:03:10,874 [INFO] PluginManage:310 - Check plugin pinoutconfig
2025-03-14 18:03:10,988 [WARN] SupportedApi:132 - Cannot load RTOS API schema: s4s-elt-must-match.1: The content of 'definitions' must match (annotation?, (simpleType | complexType)?, (unique | key | keyref)*)). A problem was found starting at: attribute.
2025-03-14 18:03:11,149 [INFO] PluginManage:359 - Loaded plugin pinoutconfig (category:base,tabindex:0)
2025-03-14 18:03:11,149 [INFO] PluginManage:310 - Check plugin power
2025-03-14 18:03:11,160 [INFO] PluginManage:359 - Loaded plugin power (category:power,tabindex:4)
2025-03-14 18:03:11,161 [INFO] PluginManage:310 - Check plugin projectmanager
2025-03-14 18:03:11,176 [INFO] PluginManage:359 - Loaded plugin projectmanager (category:projectmanager,tabindex:4)
2025-03-14 18:03:11,176 [INFO] PluginManage:310 - Check plugin rif
2025-03-14 18:03:11,184 [INFO] PluginManage:359 - Loaded plugin rif (category:base,tabindex:3)
2025-03-14 18:03:11,185 [INFO] PluginManage:310 - Check plugin thirdparty
2025-03-14 18:03:11,343 [INFO] PluginManage:359 - Loaded plugin thirdparty (category:base,tabindex:-1)
2025-03-14 18:03:11,343 [WARN] IntegrityCheckThread:84 - waiting for thirdparty lock release [integrity check]
2025-03-14 18:03:11,343 [INFO] PluginManage:310 - Check plugin tools
2025-03-14 18:03:11,343 [INFO] IntegrityCheckThread:86 - entering critical section [integrity check]
2025-03-14 18:03:11,344 [INFO] ThirdPartyUpdaterWithRetryManager:70 - Updater plugin not ready yet. [1/15]
2025-03-14 18:03:11,349 [INFO] PluginManage:359 - Loaded plugin tools (category:base,tabindex:7)
2025-03-14 18:03:11,349 [INFO] PluginManage:310 - Check plugin tutovideos
2025-03-14 18:03:11,505 [INFO] PluginManage:359 - Loaded plugin tutovideos (category:base,tabindex:-1)
2025-03-14 18:03:11,505 [INFO] PluginManage:310 - Check plugin updater
2025-03-14 18:03:11,532 [INFO] PluginManage:359 - Loaded plugin updater (category:base,tabindex:12)
2025-03-14 18:03:11,533 [INFO] PluginManage:310 - Check plugin userauth
2025-03-14 18:03:11,537 [INFO] UserAuth:118 - Init User Auth plugin
2025-03-14 18:03:11,540 [INFO] PluginManage:359 - Loaded plugin userauth (category:base,tabindex:14)
2025-03-14 18:03:11,540 [INFO] PluginManage:283 - PluginManage : Loaded plugins [18]
2025-03-14 18:03:11,884 [INFO] PinOutPanel:1589 - setPackage(No Configuration,No Configuration)
2025-03-14 18:03:11,998 [INFO] CADModel:165 - CPN selected for project level
2025-03-14 18:03:11,998 [INFO] CADModel:114 - Register for checkConnection events
2025-03-14 18:03:12,014 [INFO] IPUIPlugin:80 - create IPUIPlugin
2025-03-14 18:03:12,015 [INFO] PluginManager:220 - loadIPPluginJar : add adc
2025-03-14 18:03:12,018 [INFO] IPUIPlugin:80 - create IPUIPlugin
2025-03-14 18:03:12,018 [INFO] PluginManager:220 - loadIPPluginJar : add aes
2025-03-14 18:03:12,021 [INFO] IPUIPlugin:80 - create IPUIPlugin
2025-03-14 18:03:12,021 [INFO] PluginManager:220 - loadIPPluginJar : add can
2025-03-14 18:03:12,024 [INFO] IPUIPlugin:80 - create IPUIPlugin
2025-03-14 18:03:12,024 [INFO] PluginManager:220 - loadIPPluginJar : add comp
2025-03-14 18:03:12,027 [INFO] IPUIPlugin:80 - create IPUIPlugin
2025-03-14 18:03:12,027 [INFO] PluginManager:220 - loadIPPluginJar : add cryp
2025-03-14 18:03:12,033 [INFO] IPUIPlugin:80 - create IPUIPlugin
2025-03-14 18:03:12,033 [INFO] PluginManager:220 - loadIPPluginJar : add ddr_ctrl_phy
2025-03-14 18:03:12,037 [INFO] IPUIPlugin:80 - create IPUIPlugin
2025-03-14 18:03:12,037 [INFO] PluginManager:220 - loadIPPluginJar : add dfsdm
2025-03-14 18:03:12,042 [INFO] IPUIPlugin:80 - create IPUIPlugin
2025-03-14 18:03:12,042 [INFO] PluginManager:220 - loadIPPluginJar : add dma
2025-03-14 18:03:12,048 [INFO] IPUIPlugin:80 - create IPUIPlugin
2025-03-14 18:03:12,048 [INFO] PluginManager:220 - loadIPPluginJar : add dma3
2025-03-14 18:03:12,052 [INFO] IPUIPlugin:80 - create IPUIPlugin
2025-03-14 18:03:12,053 [INFO] PluginManager:220 - loadIPPluginJar : add extmemmanager
2025-03-14 18:03:12,055 [INFO] IPUIPlugin:80 - create IPUIPlugin
2025-03-14 18:03:12,055 [INFO] PluginManager:220 - loadIPPluginJar : add fatfs
2025-03-14 18:03:12,060 [INFO] IPUIPlugin:80 - create IPUIPlugin
2025-03-14 18:03:12,060 [INFO] PluginManager:220 - loadIPPluginJar : add fmc
2025-03-14 18:03:12,068 [INFO] IPUIPlugin:80 - create IPUIPlugin
2025-03-14 18:03:12,068 [INFO] PluginManager:220 - loadIPPluginJar : add freertos
2025-03-14 18:03:12,071 [INFO] IPUIPlugin:80 - create IPUIPlugin
2025-03-14 18:03:12,072 [INFO] PluginManager:220 - loadIPPluginJar : add genericplugin
2025-03-14 18:03:12,075 [INFO] IPUIPlugin:80 - create IPUIPlugin
2025-03-14 18:03:12,075 [INFO] PluginManager:220 - loadIPPluginJar : add gfxmmu
2025-03-14 18:03:12,083 [INFO] IPUIPlugin:80 - create IPUIPlugin
2025-03-14 18:03:12,083 [INFO] PluginManager:220 - loadIPPluginJar : add gic
2025-03-14 18:03:12,089 [INFO] IPUIPlugin:80 - create IPUIPlugin
2025-03-14 18:03:12,089 [INFO] PluginManager:220 - loadIPPluginJar : add gpio
2025-03-14 18:03:12,094 [INFO] IPUIPlugin:80 - create IPUIPlugin
2025-03-14 18:03:12,094 [INFO] PluginManager:220 - loadIPPluginJar : add gtzc
2025-03-14 18:03:12,099 [INFO] IPUIPlugin:80 - create IPUIPlugin
2025-03-14 18:03:12,099 [INFO] PluginManager:220 - loadIPPluginJar : add hash
2025-03-14 18:03:12,103 [INFO] IPUIPlugin:80 - create IPUIPlugin
2025-03-14 18:03:12,103 [INFO] PluginManager:220 - loadIPPluginJar : add i2c
2025-03-14 18:03:12,106 [INFO] IPUIPlugin:80 - create IPUIPlugin
2025-03-14 18:03:12,107 [INFO] PluginManager:220 - loadIPPluginJar : add i2s
2025-03-14 18:03:12,111 [INFO] IPUIPlugin:80 - create IPUIPlugin
2025-03-14 18:03:12,111 [INFO] PluginManager:220 - loadIPPluginJar : add i3c
2025-03-14 18:03:12,118 [INFO] IPUIPlugin:80 - create IPUIPlugin
2025-03-14 18:03:12,118 [INFO] PluginManager:220 - loadIPPluginJar : add ipddr
2025-03-14 18:03:12,126 [INFO] IPUIPlugin:80 - create IPUIPlugin
2025-03-14 18:03:12,126 [INFO] PluginManager:220 - loadIPPluginJar : add linkedlist
2025-03-14 18:03:12,134 [INFO] IPUIPlugin:80 - create IPUIPlugin
2025-03-14 18:03:12,134 [INFO] PluginManager:220 - loadIPPluginJar : add lorawan
2025-03-14 18:03:12,136 [INFO] IPUIPlugin:80 - create IPUIPlugin
2025-03-14 18:03:12,136 [INFO] PluginManager:220 - loadIPPluginJar : add ltdc
2025-03-14 18:03:12,143 [INFO] IPUIPlugin:80 - create IPUIPlugin
2025-03-14 18:03:12,143 [INFO] PluginManager:220 - loadIPPluginJar : add mdma
2025-03-14 18:03:12,150 [INFO] IPUIPlugin:80 - create IPUIPlugin
2025-03-14 18:03:12,150 [INFO] PluginManager:220 - loadIPPluginJar : add nvic
2025-03-14 18:03:12,154 [INFO] IPUIPlugin:80 - create IPUIPlugin
2025-03-14 18:03:12,154 [INFO] PluginManager:220 - loadIPPluginJar : add opamp
2025-03-14 18:03:12,158 [INFO] IPUIPlugin:80 - create IPUIPlugin
2025-03-14 18:03:12,158 [INFO] PluginManager:220 - loadIPPluginJar : add openamp
2025-03-14 18:03:12,168 [INFO] IPUIPlugin:80 - create IPUIPlugin
2025-03-14 18:03:12,168 [INFO] PluginManager:220 - loadIPPluginJar : add pdm2pcm
2025-03-14 18:03:12,180 [INFO] IPUIPlugin:80 - create IPUIPlugin
2025-03-14 18:03:12,187 [INFO] PluginManager:220 - loadIPPluginJar : add plateformsettings
2025-03-14 18:03:12,190 [INFO] IPUIPlugin:80 - create IPUIPlugin
2025-03-14 18:03:12,190 [INFO] PluginManager:220 - loadIPPluginJar : add quadspi
2025-03-14 18:03:12,195 [INFO] IPUIPlugin:80 - create IPUIPlugin
2025-03-14 18:03:12,197 [INFO] PluginManager:220 - loadIPPluginJar : add radio
2025-03-14 18:03:12,202 [INFO] IPUIPlugin:80 - create IPUIPlugin
2025-03-14 18:03:12,202 [INFO] PluginManager:220 - loadIPPluginJar : add resmgrutility
2025-03-14 18:03:12,208 [INFO] IPUIPlugin:80 - create IPUIPlugin
2025-03-14 18:03:12,208 [INFO] PluginManager:220 - loadIPPluginJar : add sai
2025-03-14 18:03:12,216 [INFO] IPUIPlugin:80 - create IPUIPlugin
2025-03-14 18:03:12,216 [INFO] PluginManager:220 - loadIPPluginJar : add spi
2025-03-14 18:03:12,223 [INFO] IPUIPlugin:80 - create IPUIPlugin
2025-03-14 18:03:12,223 [INFO] PluginManager:220 - loadIPPluginJar : add stm32_wpan
2025-03-14 18:03:12,226 [INFO] IPUIPlugin:80 - create IPUIPlugin
2025-03-14 18:03:12,227 [INFO] PluginManager:220 - loadIPPluginJar : add tim
2025-03-14 18:03:12,234 [INFO] IPUIPlugin:80 - create IPUIPlugin
2025-03-14 18:03:12,234 [INFO] PluginManager:220 - loadIPPluginJar : add touchsensing
2025-03-14 18:03:12,238 [INFO] IPUIPlugin:80 - create IPUIPlugin
2025-03-14 18:03:12,238 [INFO] PluginManager:220 - loadIPPluginJar : add tracer_emb
2025-03-14 18:03:12,243 [INFO] IPUIPlugin:80 - create IPUIPlugin
2025-03-14 18:03:12,243 [INFO] PluginManager:220 - loadIPPluginJar : add ts
2025-03-14 18:03:12,249 [INFO] IPUIPlugin:80 - create IPUIPlugin
2025-03-14 18:03:12,249 [INFO] PluginManager:220 - loadIPPluginJar : add tsc
2025-03-14 18:03:12,252 [INFO] IPUIPlugin:80 - create IPUIPlugin
2025-03-14 18:03:12,253 [INFO] PluginManager:220 - loadIPPluginJar : add ucpd
2025-03-14 18:03:12,257 [INFO] IPUIPlugin:80 - create IPUIPlugin
2025-03-14 18:03:12,257 [INFO] PluginManager:220 - loadIPPluginJar : add usart
2025-03-14 18:03:12,265 [INFO] IPUIPlugin:80 - create IPUIPlugin
2025-03-14 18:03:12,265 [INFO] PluginManager:220 - loadIPPluginJar : add usbx
2025-03-14 18:03:12,461 [FATAL] Updater:351 - Updater called before beeing initialized
2025-03-14 18:03:12,498 [INFO] RulesReader:64 - Compatibility file has been processed (297 Rules)
2025-03-14 18:03:12,517 [INFO] RulesReader:64 - Compatibility file has been processed (297 Rules)
2025-03-14 18:03:12,524 [INFO] CADModel:165 - CPN selected for project level
2025-03-14 18:03:12,524 [INFO] CADModel:114 - Register for checkConnection events
2025-03-14 18:03:12,524 [FATAL] Updater:351 - Updater called before beeing initialized
2025-03-14 18:03:12,524 [ERROR] CADModel:125 - Updater not yet initialized, retry later 
2025-03-14 18:03:12,682 [FATAL] Updater:351 - Updater called before beeing initialized
2025-03-14 18:03:12,683 [INFO] CADModel:165 - CPN selected for project level
2025-03-14 18:03:12,683 [INFO] CADModel:114 - Register for checkConnection events
2025-03-14 18:03:12,683 [FATAL] Updater:351 - Updater called before beeing initialized
2025-03-14 18:03:12,683 [ERROR] CADModel:125 - Updater not yet initialized, retry later 
2025-03-14 18:03:12,686 [FATAL] Updater:351 - Updater called before beeing initialized
2025-03-14 18:03:12,825 [FATAL] Updater:351 - Updater called before beeing initialized
2025-03-14 18:03:12,835 [INFO] DbMcusAds:53 - JSON generation date=Thu Mar 06 20:24:21 IST 2025 (1741272861825)
2025-03-14 18:03:12,835 [FATAL] Updater:351 - Updater called before beeing initialized
2025-03-14 18:03:12,871 [WARN] DetailPanel:346 - Failed to get advertising image, set to default
2025-03-14 18:03:13,217 [FATAL] Updater:351 - Updater called before beeing initialized
2025-03-14 18:03:13,219 [FATAL] Updater:351 - Updater called before beeing initialized
2025-03-14 18:03:13,219 [FATAL] Updater:351 - Updater called before beeing initialized
2025-03-14 18:03:13,219 [WARN] DetailPanel:346 - Failed to get advertising image, set to default
2025-03-14 18:03:13,220 [FATAL] Updater:351 - Updater called before beeing initialized
2025-03-14 18:03:13,270 [ERROR] Updater:1198 - MainUpdater not yet initialized. External WinMGr cannot be set.
2025-03-14 18:03:13,272 [INFO] Updater:1134 - Updater Version found : 6.13.0
2025-03-14 18:03:13,287 [INFO] ApplicationProperties:184 - Using Application install path: C:\ST\STM32CubeIDE_1.17.0\STM32CubeIDE\plugins\com.st.stm32cube.common.mx_6.13.0.202411220809
2025-03-14 18:03:14,346 [INFO] ThirdPartyUpdaterWithRetryManager:70 - Updater plugin not ready yet. [2/15]
2025-03-14 18:03:14,875 [ERROR] LogOutputStream:75 - [STDERR_REDIRECT] Mar 14, 2025 6:03:14 PM java.util.prefs.WindowsPreferences <init>
2025-03-14 18:03:14,883 [ERROR] LogOutputStream:75 - [STDERR_REDIRECT] WARNING: Could not open/create prefs root node Software\JavaSoft\Prefs at root 0xffffffff80000002. Windows RegCreateKeyEx(...) returned error code 5.
2025-03-14 18:03:14,883 [ERROR] LogOutputStream:75 - [STDERR_REDIRECT] 
2025-03-14 18:03:15,795 [INFO] MainUpdater:2872 - connection check result : 10
2025-03-14 18:03:15,798 [INFO] MainUpdater:289 - Updater Check For Update Now.
2025-03-14 18:03:15,798 [INFO] MicroXplorer:498 - Change Database Version : DB.6.0.130
2025-03-14 18:03:15,830 [INFO] McuFinderGlobals:63 - Set McuFinder mode to 2 (CubeIDE integrated)
2025-03-14 18:03:15,832 [INFO] UserAuth:171 - activating auth plugin
2025-03-14 18:03:15,842 [INFO] UserAuth:486 - Internet connection configuration mode: 1
2025-03-14 18:03:15,887 [INFO] JxBrowserEngine:152 - Initiate JxBrowser Engine with user profile folder
2025-03-14 18:03:16,062 [INFO] CheckServerUpdateThread:120 - End of CheckServer Thread
2025-03-14 18:03:16,898 [INFO] WebApp:168 - Instantiating new browser for Auth
2025-03-14 18:03:17,758 [WARN] PackLoader:240 - Cannot read IP mode file for STMicroelectronics.FP-SNS-MOTENVWB1.1.4.0
2025-03-14 18:03:17,803 [WARN] PackLoader:240 - Cannot read IP mode file for STMicroelectronics.FP-ATR-ASTRA1.2.0.2
2025-03-14 18:03:17,901 [WARN] PackLoader:240 - Cannot read IP mode file for STMicroelectronics.X-CUBE-SMBUS.2.1.0
2025-03-14 18:03:17,951 [WARN] PackLoader:240 - Cannot read IP mode file for STMicroelectronics.X-CUBE-WB05N.1.1.0
2025-03-14 18:03:18,065 [WARN] PackLoader:240 - Cannot read IP mode file for STMicroelectronics.X-CUBE-AZRTOS-F7.1.1.0
2025-03-14 18:03:18,106 [WARN] PackLoader:240 - Cannot read IP mode file for STMicroelectronics.FP-SNS-FLIGHT1.5.0.2
2025-03-14 18:03:18,284 [WARN] PackLoader:240 - Cannot read IP mode file for Infineon.AIROC-Wi-Fi-Bluetooth-STM32.1.7.0
2025-03-14 18:03:18,351 [WARN] PackLoader:240 - Cannot read IP mode file for STMicroelectronics.X-CUBE-DISPLAY.3.0.0
2025-03-14 18:03:18,398 [WARN] PackLoader:240 - Cannot read IP mode file for STMicroelectronics.X-CUBE-BLE1.7.0.0
2025-03-14 18:03:18,436 [WARN] PackLoader:240 - Cannot read IP mode file for STMicroelectronics.X-CUBE-NFC10.1.0.0
2025-03-14 18:03:18,522 [WARN] PackLoader:240 - Cannot read IP mode file for STMicroelectronics.X-CUBE-BLEMGR.4.0.0
2025-03-14 18:03:18,634 [WARN] PackLoader:240 - Cannot read IP mode file for emotas.I-CUBE-CANOPEN.1.3.0
2025-03-14 18:03:18,655 [WARN] PackLoader:240 - Cannot read IP mode file for STMicroelectronics.X-CUBE-AI.10.0.0
2025-03-14 18:03:18,673 [WARN] PackLoader:240 - Cannot read IP mode file for STMicroelectronics.FP-SNS-SMARTAG2.1.2.0
2025-03-14 18:03:18,680 [WARN] PackLoader:240 - Cannot read IP mode file for STMicroelectronics.FP-SNS-FLIGHT1.5.1.0
2025-03-14 18:03:18,802 [INFO] WebApp:449 - Apply proxy settings
2025-03-14 18:03:18,802 [INFO] WebApp:534 - Chromium requires no authentication
2025-03-14 18:03:18,823 [INFO] WebApp:477 - Direct internet connection detected
2025-03-14 18:03:18,915 [INFO] WebApp:880 - Register for checkConnection events
2025-03-14 18:03:18,915 [INFO] WebApp:449 - Apply proxy settings
2025-03-14 18:03:18,915 [INFO] WebApp:534 - Chromium requires no authentication
2025-03-14 18:03:18,918 [INFO] WebApp:477 - Direct internet connection detected
2025-03-14 18:03:18,935 [WARN] PackLoader:240 - Cannot read IP mode file for STMicroelectronics.X-CUBE-MEMS1.11.1.0
2025-03-14 18:03:19,312 [INFO] LogOutputStream:77 - [STDOUT_REDIRECT] 1 : Invalid condition id : UX_CORESTACK_Condition cause : null
2025-03-14 18:03:19,313 [INFO] LogOutputStream:77 - [STDOUT_REDIRECT] 1 : Invalid condition id : UX_CORESTACK_Condition cause : null
2025-03-14 18:03:19,315 [INFO] LogOutputStream:77 - [STDOUT_REDIRECT] 1 : Invalid condition id : UX_CORESTACK_Condition cause : null
2025-03-14 18:03:19,318 [INFO] LogOutputStream:77 - [STDOUT_REDIRECT] 1 : Invalid condition id : UX_CORESTACK_Condition cause : null
2025-03-14 18:03:19,320 [INFO] LogOutputStream:77 - [STDOUT_REDIRECT] 1 : Invalid condition id : UX_CORESTACK_Condition cause : null
2025-03-14 18:03:19,324 [WARN] PackLoader:240 - Cannot read IP mode file for STMicroelectronics.X-CUBE-AZRTOS-WL.2.0.0
2025-03-14 18:03:19,357 [WARN] PackLoader:240 - Cannot read IP mode file for STMicroelectronics.FP-SNS-MOTENV1.5.0.0
2025-03-14 18:03:19,369 [INFO] WebApp:221 - Starting web application
2025-03-14 18:03:19,369 [INFO] WebApp:579 - Web application path used C:\ST\STM32CubeIDE_1.17.0\STM32CubeIDE\plugins\com.st.stm32cube.common.mx_6.13.0.202411220809\db\plugins\mcufinder\reactClient1\index.html
2025-03-14 18:03:19,438 [WARN] PackLoader:240 - Cannot read IP mode file for WES.I-CUBE-Cesium.1.3.0
2025-03-14 18:03:19,451 [WARN] PackLoader:240 - Cannot read IP mode file for STMicroelectronics.X-CUBE-BLE2.3.3.0
2025-03-14 18:03:19,461 [WARN] PackLoader:240 - Cannot read IP mode file for STMicroelectronics.X-CUBE-NFC9.1.0.0
2025-03-14 18:03:19,521 [WARN] PackLoader:240 - Cannot read IP mode file for STMicroelectronics.X-CUBE-BLE1.7.1.0
2025-03-14 18:03:19,533 [WARN] PackLoader:240 - Cannot read IP mode file for wolfSSL.I-CUBE-wolfMQTT.1.19.2
2025-03-14 18:03:19,580 [WARN] PackLoader:240 - Cannot read IP mode file for STMicroelectronics.X-CUBE-AZRTOS-G0.1.1.0
2025-03-14 18:03:19,603 [WARN] PackLoader:240 - Cannot read IP mode file for STMicroelectronics.X-CUBE-SAFEA1.1.2.2
2025-03-14 18:03:19,615 [WARN] PackLoader:240 - Cannot read IP mode file for STMicroelectronics.X-CUBE-NFC4.3.0.0
2025-03-14 18:03:19,665 [WARN] PackLoader:240 - Cannot read IP mode file for EmbeddedOffice.I-CUBE-FS-RTOS.1.0.1
2025-03-14 18:03:19,672 [WARN] PackLoader:240 - Cannot read IP mode file for wolfSSL.I-CUBE-wolfTPM.3.8.0
2025-03-14 18:03:19,681 [INFO] WebApp:187 - Connection restablished
2025-03-14 18:03:19,683 [WARN] PackLoader:240 - Cannot read IP mode file for STMicroelectronics.X-CUBE-TCPP.4.2.0
2025-03-14 18:03:19,707 [WARN] PackLoader:240 - Cannot read IP mode file for RealThread.X-CUBE-RT-Thread_Nano.4.1.1
2025-03-14 18:03:19,717 [WARN] PackLoader:240 - Cannot read IP mode file for STMicroelectronics.FP-ATR-SIGFOX1.3.2.0
2025-03-14 18:03:19,734 [WARN] ConditionMgr:438 - getConditionDescription Invalid condition id : Cortex-A Device cause : null
2025-03-14 18:03:19,857 [WARN] ConditionMgr:1044 - genDependencies : Invalid condition id : Cortex-A Device cause : null
2025-03-14 18:03:19,858 [WARN] ConditionMgr:1044 - genDependencies : Invalid condition id : Cortex-A Device cause : null
2025-03-14 18:03:19,860 [WARN] ConditionMgr:1044 - genDependencies : Invalid condition id : Cortex-A Device cause : null
2025-03-14 18:03:19,869 [WARN] PackLoader:240 - Cannot read IP mode file for STMicroelectronics.X-CUBE-EEPRMA1.5.1.0
2025-03-14 18:03:19,876 [WARN] PackLoader:240 - Cannot read IP mode file for wolfSSL.I-CUBE-wolfSSL.5.7.6
2025-03-14 18:03:19,888 [WARN] PackLoader:240 - Cannot read IP mode file for ITTIA_DB.I-CUBE-ITTIADB.8.9.0
2025-03-14 18:03:20,036 [WARN] PackLoader:240 - Cannot read IP mode file for SEGGER.I-CUBE-embOS.1.3.1
2025-03-14 18:03:20,285 [WARN] PackLoader:240 - Cannot read IP mode file for STMicroelectronics.X-CUBE-ALGOBUILD.1.4.0
2025-03-14 18:03:20,334 [WARN] PackLoader:240 - Cannot read IP mode file for STMicroelectronics.X-CUBE-AZRTOS-F4.1.1.0
2025-03-14 18:03:20,366 [WARN] PackLoader:240 - Cannot read IP mode file for STMicroelectronics.X-CUBE-ISPU.2.1.0
2025-03-14 18:03:20,538 [WARN] PackLoader:240 - Cannot read IP mode file for STMicroelectronics.X-CUBE-AZRTOS-L5.2.0.0
2025-03-14 18:03:20,575 [WARN] PackLoader:240 - Cannot read IP mode file for STMicroelectronics.X-CUBE-NFC6.3.1.0
2025-03-14 18:03:20,648 [WARN] PackLoader:240 - Cannot read IP mode file for STMicroelectronics.X-CUBE-DPower.1.2.0
2025-03-14 18:03:20,660 [WARN] PackLoader:240 - Cannot read IP mode file for STMicroelectronics.X-CUBE-FREERTOS.1.3.0
2025-03-14 18:03:20,672 [WARN] PackLoader:240 - Cannot read IP mode file for STMicroelectronics.X-CUBE-NFC7.1.0.1
2025-03-14 18:03:20,836 [WARN] ConditionMgr:438 - getConditionDescription Invalid condition id : LAN8742 Phy interface Condition cause : null
2025-03-14 18:03:20,837 [WARN] PackLoader:240 - Cannot read IP mode file for STMicroelectronics.X-CUBE-AZRTOS-L4.2.0.0
2025-03-14 18:03:20,838 [WARN] ConditionMgr:1044 - genDependencies : Invalid condition id : LAN8742 Phy interface Condition cause : null
2025-03-14 18:03:20,840 [WARN] ConditionMgr:1044 - genDependencies : Invalid condition id : LAN8742 Phy interface Condition cause : null
2025-03-14 18:03:20,841 [WARN] ConditionMgr:1044 - genDependencies : Invalid condition id : LAN8742 Phy interface Condition cause : null
2025-03-14 18:03:20,923 [WARN] PackLoader:240 - Cannot read IP mode file for STMicroelectronics.X-CUBE-SFXS2LP1.4.0.0
2025-03-14 18:03:21,015 [WARN] PackLoader:240 - Cannot read IP mode file for STMicroelectronics.X-CUBE-AZRTOS-H7.3.3.0
2025-03-14 18:03:21,083 [WARN] ConditionMgr:438 - getConditionDescription Invalid condition id : UX DEVICE CLASS RTOS Condition cause : null
2025-03-14 18:03:21,083 [WARN] ConditionMgr:438 - getConditionDescription Invalid condition id : UX DEVICE CLASS RTOS Condition cause : null
2025-03-14 18:03:21,158 [WARN] PackLoader:240 - Cannot read IP mode file for STMicroelectronics.X-CUBE-AZRTOS-WB.2.0.0
2025-03-14 18:03:21,167 [WARN] ConditionMgr:1044 - genDependencies : Invalid condition id : UX DEVICE CLASS RTOS Condition cause : null
2025-03-14 18:03:21,168 [WARN] ConditionMgr:1044 - genDependencies : Invalid condition id : UX DEVICE CLASS RTOS Condition cause : null
2025-03-14 18:03:21,169 [WARN] ConditionMgr:1044 - genDependencies : Invalid condition id : UX DEVICE CLASS RTOS Condition cause : null
2025-03-14 18:03:21,170 [WARN] ConditionMgr:1044 - genDependencies : Invalid condition id : UX DEVICE CLASS RTOS Condition cause : null
2025-03-14 18:03:21,170 [WARN] ConditionMgr:1044 - genDependencies : Invalid condition id : UX DEVICE CLASS RTOS Condition cause : null
2025-03-14 18:03:21,217 [WARN] PackLoader:240 - Cannot read IP mode file for STMicroelectronics.X-CUBE-GNSS1.7.0.1
2025-03-14 18:03:21,253 [WARN] PackLoader:240 - Cannot read IP mode file for STMicroelectronics.X-CUBE-TOUCHGFX.4.25.0
2025-03-14 18:03:21,276 [WARN] PackLoader:240 - Cannot read IP mode file for STMicroelectronics.FP-SNS-STBOX1.2.0.0
2025-03-14 18:03:21,296 [WARN] PackLoader:240 - Cannot read IP mode file for STMicroelectronics.X-CUBE-SUBG2.5.0.0
2025-03-14 18:03:21,370 [WARN] PackLoader:240 - Cannot read IP mode file for Cesanta.I-CUBE-Mongoose.7.13.0
2025-03-14 18:03:21,465 [WARN] PackLoader:240 - Cannot read IP mode file for STMicroelectronics.X-CUBE-AZRTOS-G4.2.0.0
2025-03-14 18:03:21,568 [WARN] PackLoader:240 - Cannot read IP mode file for wolfSSL.I-CUBE-wolfSSH.1.4.20
2025-03-14 18:03:21,587 [WARN] PackLoader:240 - Cannot read IP mode file for STMicroelectronics.X-CUBE-IPS.3.1.0
2025-03-14 18:03:21,607 [WARN] PackLoader:240 - Cannot read IP mode file for STMicroelectronics.X-CUBE-ALS.1.0.2
2025-03-14 18:03:21,622 [WARN] PackLoader:240 - Cannot read IP mode file for STMicroelectronics.X-CUBE-TOUCHGFX.4.24.2
2025-03-14 18:03:21,633 [WARN] PackLoader:240 - Cannot read IP mode file for portGmbH.I-Cube-SoM-uGOAL.1.1.0
2025-03-14 18:03:21,665 [WARN] PackLoader:240 - Cannot read IP mode file for STMicroelectronics.X-CUBE-AZRTOS-H7RS.1.0.0
2025-03-14 18:03:21,708 [WARN] PackLoader:240 - Cannot read IP mode file for STMicroelectronics.X-CUBE-TOF1.3.4.2
2025-03-14 18:03:21,721 [INFO] ThirdParty:978 - Integrity check success = true
2025-03-14 18:03:21,721 [INFO] IntegrityCheckThread:100 - exiting critical section [integrity check]
2025-03-14 18:03:21,722 [INFO] IntegrityCheckThread:103 - End integrity checks thread
2025-03-14 18:08:57,020 [ERROR] LogOutputStream:75 - [STDERR_REDIRECT] 
2025-03-14 18:08:57,024 [ERROR] LogOutputStream:75 - [STDERR_REDIRECT] 
